<?xml version="1.0" encoding="UTF-8"?>
<!-- Generated by org.testng.reporters.JUnitReportReporter -->
<testsuite hostname="Himanshus-MacBook-Air.local" failures="0" tests="1" name="test.Test2" time="14.995" errors="0" timestamp="2024-08-14T12:38:55 IST" skipped="0">
  <testcase classname="test.Test2" name="test2" time="14.995"/>
  <system-out/>
</testsuite> <!-- test.Test2 -->
