<?xml version="1.0" encoding="UTF-8"?>
<!-- Generated by org.testng.reporters.JUnitReportReporter -->
<testsuite hostname="Himanshus-MacBook-Air.local" failures="0" tests="1" name="test.Test2" time="38.418" errors="0" timestamp="2024-08-16T11:29:15 IST" skipped="0">
  <testcase classname="test.Test2" name="test2" time="38.418"/>
  <system-out/>
</testsuite> <!-- test.Test2 -->
