<?xml version="1.0" encoding="UTF-8"?>
<!-- Generated by org.testng.reporters.JUnitReportReporter -->
<testsuite hostname="Himanshus-MacBook-Air.local" failures="0" tests="1" name="test.Test3" time="31.569" errors="0" timestamp="2024-08-20T12:19:27 IST" skipped="0">
  <testcase classname="test.Test3" name="test3" time="31.569"/>
  <system-out/>
</testsuite> <!-- test.Test3 -->
