<?xml version="1.0" encoding="UTF-8"?>
<!-- Generated by org.testng.reporters.JUnitReportReporter -->
<testsuite hostname="Himanshus-MacBook-Air.local" failures="0" tests="1" name="test.Test1" time="9.582" errors="0" timestamp="2024-08-20T17:33:51 IST" skipped="0">
  <testcase classname="test.Test1" name="test1" time="9.582"/>
  <system-out/>
</testsuite> <!-- test.Test1 -->
